<?xml version="1.0" encoding="UTF-8"?>
<testsuite xmlns:xsi="http://www.w3.org/2001/XMLSchema-instance" xsi:noNamespaceSchemaLocation="https://maven.apache.org/surefire/maven-surefire-plugin/xsd/surefire-test-report-3.0.xsd" version="3.0" name="ItemTest" time="0.153" tests="20" errors="0" skipped="0" failures="0">
  <properties>
[...]
</properties>
  <testcase name="testIsCollectable" classname="ItemTest" time="0.002"/>
  <testcase name="testObjectsSize" classname="ItemTest" time="0.002"/>
  <testcase name="testItemConstructor" classname="ItemTest" time="0.003"/>
  <testcase name="testSetVisible" classname="ItemTest" time="0.001"/>
  <testcase name="testSetVisibleItemContained" classname="ItemTest" time="0.002"/>
  <testcase name="testLockedItemConstructor" classname="ItemTest" time="0.002"/>
  <testcase name="testItemSerialization" classname="ItemTest" time="0.031"/>
  <testcase name="unlockItem" classname="ItemTest" time="0.004"/>
  <testcase name="testGetName" classname="ItemTest" time="0.001"/>
  <testcase name="testGetItemContained" classname="ItemTest" time="0.001"/>
  <testcase name="testRemoveObject" classname="ItemTest" time="0.001"/>
  <testcase name="testContainerItemSerialization" classname="ItemTest" time="0.034"/>
  <testcase name="testGetAltDescription" classname="ItemTest" time="0.005"/>
  <testcase name="testIsVisible" classname="ItemTest" time="0.002"/>
  <testcase name="testGetDescription" classname="ItemTest" time="0.002"/>
  <testcase name="testGetAction" classname="ItemTest" time="0.003"/>
  <testcase name="testGetObject" classname="ItemTest" time="0.002"/>
  <testcase name="testContainerItemConstructor" classname="ItemTest" time="0.002"/>
  <testcase name="testGetItemBlocked" classname="ItemTest" time="0.007"/>
  <testcase name="testLockedItemSerialization" classname="ItemTest" time="0.022"/>
</testsuite>